<?xml version="1.0" encoding="UTF-8"?>
<!-- Generated by org.testng.reporters.JUnitReportReporter -->
<testsuite hostname="EshWar" failures="0" tests="1" name="com.qsp.Test.CreateOrgWithWebsiteTest" time="15.292" errors="0" timestamp="2023-09-25T17:51:09 IST" skipped="0">
  <testcase classname="com.qsp.Test.CreateOrgWithWebsiteTest" name="tc2" time="15.292"/>
</testsuite> <!-- com.qsp.Test.CreateOrgWithWebsiteTest -->
