<?xml version="1.0" encoding="UTF-8"?>
<!-- Generated by org.testng.reporters.JUnitReportReporter -->
<testsuite hostname="EshWar" failures="0" tests="1" name="com.qsp.Test.CreateOrgWithNameAndWebsiteTest" time="0.012" errors="0" timestamp="2023-10-09T15:54:45 IST" skipped="0">
  <testcase classname="com.qsp.Test.CreateOrgWithNameAndWebsiteTest" name="m1" time="0.012">
    <system-out>
      <![CDATA[Test Case Started m1
Test Case Executed Successfully m1]]>
    </system-out>
  </testcase> <!-- m1 -->
  <system-out>
    <![CDATA[Test Case Started m1
Test Case Executed Successfully m1]]>
  </system-out>
</testsuite> <!-- com.qsp.Test.CreateOrgWithNameAndWebsiteTest -->
