<?xml version="1.0" encoding="UTF-8"?>
<!-- Generated by org.testng.reporters.JUnitReportReporter -->
<testsuite hostname="EshWar" failures="0" tests="1" name="com.qsp.Test.LeadTest" time="13.580" errors="0" timestamp="2023-09-23T18:02:12 IST" skipped="0">
  <testcase classname="com.qsp.Test.LeadTest" name="demo" time="13.580"/>
</testsuite> <!-- com.qsp.Test.LeadTest -->
